<?xml version="1.0" encoding="UTF-8"?>
<Site BuildName="(empty)"
	BuildStamp="20260503-1846-Experimental"
	Name="shivam-pc"
	Generator="ctest-4.1.3"
	CompilerName="/usr/bin/g++"
	CompilerVersion="11.4.0"
	OSName="Linux"
	Hostname="shivam-pc"
	OSRelease="6.8.0-111-generic"
	OSVersion="#111~22.04.1-Ubuntu SMP PREEMPT_DYNAMIC Tue Apr 14 17:13:45 UTC "
	OSPlatform="x86_64"
	Is64Bits="1"
	VendorString="GenuineIntel"
	VendorID="Intel Corporation"
	FamilyID="6"
	ModelID="154"
	ModelName="12th Gen Intel(R) Core(TM) i5-1235U"
	ProcessorCacheSize="12288"
	NumberOfLogicalCPU="12"
	NumberOfPhysicalCPU="10"
	TotalVirtualMemory="0"
	TotalPhysicalMemory="15686"
	LogicalProcessorsPerPhysical="1"
	ProcessorClockFrequency="2221.98"
	>
	<Testing>
		<StartDateTime>May 04 00:16 IST</StartDateTime>
		<StartTestTime>1777833979</StartTestTime>
		<TestList/>
		<EndDateTime>May 04 00:16 IST</EndDateTime>
		<EndTestTime>1777833979</EndTestTime>
		<ElapsedMinutes>0</ElapsedMinutes>
	</Testing>
</Site>
